<?xml version="1.0" encoding="UTF-8"?>
<testsuite xmlns:xsi="http://www.w3.org/2001/XMLSchema-instance" xsi:noNamespaceSchemaLocation="https://maven.apache.org/surefire/maven-surefire-plugin/xsd/surefire-test-report-3.0.xsd" version="3.0" name="com.employeeapi.base.TestBase" time="0.174" tests="0" errors="0" skipped="0" failures="0">
  <properties>
    <property name="java.specification.version" value="20"/>
    <property name="sun.jnu.encoding" value="UTF-8"/>
    <property name="java.class.path" value="/Users/yvonnek/javaProject/com.employeeTestApi/target/test-classes:/Users/yvonnek/javaProject/com.employeeTestApi/target/classes:/Users/yvonnek/.m2/repository/io/rest-assured/rest-assured/5.3.2/rest-assured-5.3.2.jar:/Users/yvonnek/.m2/repository/org/apache/groovy/groovy/4.0.11/groovy-4.0.11.jar:/Users/yvonnek/.m2/repository/org/apache/groovy/groovy-xml/4.0.11/groovy-xml-4.0.11.jar:/Users/yvonnek/.m2/repository/org/apache/httpcomponents/httpclient/4.5.13/httpclient-4.5.13.jar:/Users/yvonnek/.m2/repository/org/apache/httpcomponents/httpcore/4.4.13/httpcore-4.4.13.jar:/Users/yvonnek/.m2/repository/commons-logging/commons-logging/1.2/commons-logging-1.2.jar:/Users/yvonnek/.m2/repository/org/apache/httpcomponents/httpmime/4.5.13/httpmime-4.5.13.jar:/Users/yvonnek/.m2/repository/org/hamcrest/hamcrest/2.2/hamcrest-2.2.jar:/Users/yvonnek/.m2/repository/org/ccil/cowan/tagsoup/tagsoup/1.2.1/tagsoup-1.2.1.jar:/Users/yvonnek/.m2/repository/io/rest-assured/json-path/5.3.2/json-path-5.3.2.jar:/Users/yvonnek/.m2/repository/org/apache/groovy/groovy-json/4.0.11/groovy-json-4.0.11.jar:/Users/yvonnek/.m2/repository/io/rest-assured/rest-assured-common/5.3.2/rest-assured-common-5.3.2.jar:/Users/yvonnek/.m2/repository/io/rest-assured/xml-path/5.3.2/xml-path-5.3.2.jar:/Users/yvonnek/.m2/repository/org/testng/testng/7.8.0/testng-7.8.0.jar:/Users/yvonnek/.m2/repository/org/slf4j/slf4j-api/1.7.36/slf4j-api-1.7.36.jar:/Users/yvonnek/.m2/repository/com/beust/jcommander/1.82/jcommander-1.82.jar:/Users/yvonnek/.m2/repository/org/webjars/jquery/3.6.1/jquery-3.6.1.jar:/Users/yvonnek/.m2/repository/com/googlecode/json-simple/json-simple/1.1.1/json-simple-1.1.1.jar:/Users/yvonnek/.m2/repository/junit/junit/4.10/junit-4.10.jar:/Users/yvonnek/.m2/repository/org/hamcrest/hamcrest-core/1.1/hamcrest-core-1.1.jar:/Users/yvonnek/.m2/repository/org/apache/poi/poi/5.2.4/poi-5.2.4.jar:/Users/yvonnek/.m2/repository/commons-codec/commons-codec/1.16.0/commons-codec-1.16.0.jar:/Users/yvonnek/.m2/repository/org/apache/commons/commons-collections4/4.4/commons-collections4-4.4.jar:/Users/yvonnek/.m2/repository/org/apache/commons/commons-math3/3.6.1/commons-math3-3.6.1.jar:/Users/yvonnek/.m2/repository/commons-io/commons-io/2.13.0/commons-io-2.13.0.jar:/Users/yvonnek/.m2/repository/com/zaxxer/SparseBitSet/1.3/SparseBitSet-1.3.jar:/Users/yvonnek/.m2/repository/org/apache/logging/log4j/log4j-api/2.20.0/log4j-api-2.20.0.jar:/Users/yvonnek/.m2/repository/org/apache/poi/poi-ooxml/5.2.4/poi-ooxml-5.2.4.jar:/Users/yvonnek/.m2/repository/org/apache/poi/poi-ooxml-lite/5.2.4/poi-ooxml-lite-5.2.4.jar:/Users/yvonnek/.m2/repository/org/apache/xmlbeans/xmlbeans/5.1.1/xmlbeans-5.1.1.jar:/Users/yvonnek/.m2/repository/org/apache/commons/commons-compress/1.24.0/commons-compress-1.24.0.jar:/Users/yvonnek/.m2/repository/com/github/virtuald/curvesapi/1.08/curvesapi-1.08.jar:/Users/yvonnek/.m2/repository/com/aventstack/extentreports/4.0.9/extentreports-4.0.9.jar:/Users/yvonnek/.m2/repository/org/freemarker/freemarker/2.3.23/freemarker-2.3.23.jar:/Users/yvonnek/.m2/repository/org/mongodb/mongodb-driver/3.3.0/mongodb-driver-3.3.0.jar:/Users/yvonnek/.m2/repository/org/mongodb/mongodb-driver-core/3.3.0/mongodb-driver-core-3.3.0.jar:/Users/yvonnek/.m2/repository/org/mongodb/bson/3.3.0/bson-3.3.0.jar:/Users/yvonnek/.m2/repository/com/google/code/gson/gson/2.8.5/gson-2.8.5.jar:/Users/yvonnek/.m2/repository/log4j/log4j/1.2.17/log4j-1.2.17.jar:/Users/yvonnek/.m2/repository/org/apache/commons/commons-lang3/3.12.0/commons-lang3-3.12.0.jar:"/>
    <property name="java.vm.vendor" value="Homebrew"/>
    <property name="sun.arch.data.model" value="64"/>
    <property name="java.vendor.url" value="https://github.com/Homebrew/homebrew-core/issues"/>
    <property name="user.timezone" value="Europe/London"/>
    <property name="os.name" value="Mac OS X"/>
    <property name="java.vm.specification.version" value="20"/>
    <property name="sun.java.launcher" value="SUN_STANDARD"/>
    <property name="user.country" value="GB"/>
    <property name="sun.boot.library.path" value="/opt/homebrew/Cellar/openjdk/20.0.1/libexec/openjdk.jdk/Contents/Home/lib"/>
    <property name="sun.java.command" value="/Users/yvonnek/javaProject/com.employeeTestApi/target/surefire/surefirebooter-20231003174430138_3.jar /Users/yvonnek/javaProject/com.employeeTestApi/target/surefire 2023-10-03T17-44-30_090-jvmRun1 surefire-20231003174430138_1tmp surefire_0-20231003174430138_2tmp"/>
    <property name="http.nonProxyHosts" value="local|*.local|169.254/16|*.169.254/16"/>
    <property name="jdk.debug" value="release"/>
    <property name="surefire.test.class.path" value="/Users/yvonnek/javaProject/com.employeeTestApi/target/test-classes:/Users/yvonnek/javaProject/com.employeeTestApi/target/classes:/Users/yvonnek/.m2/repository/io/rest-assured/rest-assured/5.3.2/rest-assured-5.3.2.jar:/Users/yvonnek/.m2/repository/org/apache/groovy/groovy/4.0.11/groovy-4.0.11.jar:/Users/yvonnek/.m2/repository/org/apache/groovy/groovy-xml/4.0.11/groovy-xml-4.0.11.jar:/Users/yvonnek/.m2/repository/org/apache/httpcomponents/httpclient/4.5.13/httpclient-4.5.13.jar:/Users/yvonnek/.m2/repository/org/apache/httpcomponents/httpcore/4.4.13/httpcore-4.4.13.jar:/Users/yvonnek/.m2/repository/commons-logging/commons-logging/1.2/commons-logging-1.2.jar:/Users/yvonnek/.m2/repository/org/apache/httpcomponents/httpmime/4.5.13/httpmime-4.5.13.jar:/Users/yvonnek/.m2/repository/org/hamcrest/hamcrest/2.2/hamcrest-2.2.jar:/Users/yvonnek/.m2/repository/org/ccil/cowan/tagsoup/tagsoup/1.2.1/tagsoup-1.2.1.jar:/Users/yvonnek/.m2/repository/io/rest-assured/json-path/5.3.2/json-path-5.3.2.jar:/Users/yvonnek/.m2/repository/org/apache/groovy/groovy-json/4.0.11/groovy-json-4.0.11.jar:/Users/yvonnek/.m2/repository/io/rest-assured/rest-assured-common/5.3.2/rest-assured-common-5.3.2.jar:/Users/yvonnek/.m2/repository/io/rest-assured/xml-path/5.3.2/xml-path-5.3.2.jar:/Users/yvonnek/.m2/repository/org/testng/testng/7.8.0/testng-7.8.0.jar:/Users/yvonnek/.m2/repository/org/slf4j/slf4j-api/1.7.36/slf4j-api-1.7.36.jar:/Users/yvonnek/.m2/repository/com/beust/jcommander/1.82/jcommander-1.82.jar:/Users/yvonnek/.m2/repository/org/webjars/jquery/3.6.1/jquery-3.6.1.jar:/Users/yvonnek/.m2/repository/com/googlecode/json-simple/json-simple/1.1.1/json-simple-1.1.1.jar:/Users/yvonnek/.m2/repository/junit/junit/4.10/junit-4.10.jar:/Users/yvonnek/.m2/repository/org/hamcrest/hamcrest-core/1.1/hamcrest-core-1.1.jar:/Users/yvonnek/.m2/repository/org/apache/poi/poi/5.2.4/poi-5.2.4.jar:/Users/yvonnek/.m2/repository/commons-codec/commons-codec/1.16.0/commons-codec-1.16.0.jar:/Users/yvonnek/.m2/repository/org/apache/commons/commons-collections4/4.4/commons-collections4-4.4.jar:/Users/yvonnek/.m2/repository/org/apache/commons/commons-math3/3.6.1/commons-math3-3.6.1.jar:/Users/yvonnek/.m2/repository/commons-io/commons-io/2.13.0/commons-io-2.13.0.jar:/Users/yvonnek/.m2/repository/com/zaxxer/SparseBitSet/1.3/SparseBitSet-1.3.jar:/Users/yvonnek/.m2/repository/org/apache/logging/log4j/log4j-api/2.20.0/log4j-api-2.20.0.jar:/Users/yvonnek/.m2/repository/org/apache/poi/poi-ooxml/5.2.4/poi-ooxml-5.2.4.jar:/Users/yvonnek/.m2/repository/org/apache/poi/poi-ooxml-lite/5.2.4/poi-ooxml-lite-5.2.4.jar:/Users/yvonnek/.m2/repository/org/apache/xmlbeans/xmlbeans/5.1.1/xmlbeans-5.1.1.jar:/Users/yvonnek/.m2/repository/org/apache/commons/commons-compress/1.24.0/commons-compress-1.24.0.jar:/Users/yvonnek/.m2/repository/com/github/virtuald/curvesapi/1.08/curvesapi-1.08.jar:/Users/yvonnek/.m2/repository/com/aventstack/extentreports/4.0.9/extentreports-4.0.9.jar:/Users/yvonnek/.m2/repository/org/freemarker/freemarker/2.3.23/freemarker-2.3.23.jar:/Users/yvonnek/.m2/repository/org/mongodb/mongodb-driver/3.3.0/mongodb-driver-3.3.0.jar:/Users/yvonnek/.m2/repository/org/mongodb/mongodb-driver-core/3.3.0/mongodb-driver-core-3.3.0.jar:/Users/yvonnek/.m2/repository/org/mongodb/bson/3.3.0/bson-3.3.0.jar:/Users/yvonnek/.m2/repository/com/google/code/gson/gson/2.8.5/gson-2.8.5.jar:/Users/yvonnek/.m2/repository/log4j/log4j/1.2.17/log4j-1.2.17.jar:/Users/yvonnek/.m2/repository/org/apache/commons/commons-lang3/3.12.0/commons-lang3-3.12.0.jar:"/>
    <property name="sun.cpu.endian" value="little"/>
    <property name="user.home" value="/Users/yvonnek"/>
    <property name="user.language" value="en"/>
    <property name="java.specification.vendor" value="Oracle Corporation"/>
    <property name="java.version.date" value="2023-04-18"/>
    <property name="java.home" value="/opt/homebrew/Cellar/openjdk/20.0.1/libexec/openjdk.jdk/Contents/Home"/>
    <property name="file.separator" value="/"/>
    <property name="basedir" value="/Users/yvonnek/javaProject/com.employeeTestApi"/>
    <property name="java.vm.compressedOopsMode" value="Zero based"/>
    <property name="line.separator" value="&#10;"/>
    <property name="java.vm.specification.vendor" value="Oracle Corporation"/>
    <property name="java.specification.name" value="Java Platform API Specification"/>
    <property name="apple.awt.application.name" value="ForkedBooter"/>
    <property name="surefire.real.class.path" value="/Users/yvonnek/javaProject/com.employeeTestApi/target/surefire/surefirebooter-20231003174430138_3.jar"/>
    <property name="sun.management.compiler" value="HotSpot 64-Bit Tiered Compilers"/>
    <property name="ftp.nonProxyHosts" value="local|*.local|169.254/16|*.169.254/16"/>
    <property name="java.runtime.version" value="20.0.1"/>
    <property name="user.name" value="yvonnek"/>
    <property name="stdout.encoding" value="UTF-8"/>
    <property name="path.separator" value=":"/>
    <property name="os.version" value="14.0"/>
    <property name="java.runtime.name" value="OpenJDK Runtime Environment"/>
    <property name="file.encoding" value="UTF-8"/>
    <property name="java.vm.name" value="OpenJDK 64-Bit Server VM"/>
    <property name="java.vendor.version" value="Homebrew"/>
    <property name="localRepository" value="/Users/yvonnek/.m2/repository"/>
    <property name="java.vendor.url.bug" value="https://github.com/Homebrew/homebrew-core/issues"/>
    <property name="java.io.tmpdir" value="/var/folders/q2/j7vk515x54n1d_l3dh9pr6xm0000gn/T/"/>
    <property name="idea.version" value="2023.2.1"/>
    <property name="java.version" value="20.0.1"/>
    <property name="user.dir" value="/Users/yvonnek/javaProject/com.employeeTestApi"/>
    <property name="os.arch" value="aarch64"/>
    <property name="java.vm.specification.name" value="Java Virtual Machine Specification"/>
    <property name="native.encoding" value="UTF-8"/>
    <property name="java.library.path" value="/Users/yvonnek/Library/Java/Extensions:/Library/Java/Extensions:/Network/Library/Java/Extensions:/System/Library/Java/Extensions:/usr/lib/java:."/>
    <property name="java.vm.info" value="mixed mode, sharing"/>
    <property name="stderr.encoding" value="UTF-8"/>
    <property name="java.vendor" value="Homebrew"/>
    <property name="java.vm.version" value="20.0.1"/>
    <property name="sun.io.unicode.encoding" value="UnicodeBig"/>
    <property name="socksNonProxyHosts" value="local|*.local|169.254/16|*.169.254/16"/>
    <property name="java.class.version" value="64.0"/>
  </properties>
</testsuite>